<?xml version="1.0" encoding="UTF-8"?>
<!-- Generated by org.testng.reporters.JUnitXMLReporter -->
<testsuite ignored="0" hostname="LAPTOP-9Q4PB9CG" failures="0" tests="10" name="Surefire test" time="82.25" errors="0" timestamp="2024-11-19T10:58:03 IST">
  <testcase classname="com.crm.qa.testcases.ContactsPageTest" name="clickOnContact" time="0.043"/>
  <testcase classname="com.crm.qa.testcases.ContactsPageTest" name="verifycheckBoxIsSelectedOrNot" time="0.276"/>
  <testcase classname="com.crm.qa.testcases.ContactsPageTest" name="clickOnCreates" time="1.439"/>
  <testcase classname="com.crm.qa.testcases.ContactsPageTest" name="clickOnCreates" time="1.401"/>
  <testcase classname="com.crm.qa.testcases.ContactsPageTest" name="clickOnCreates" time="1.385"/>
  <testcase classname="com.crm.qa.testcases.HomePageTest" name="verifyLogUserTest" time="2.138"/>
  <testcase classname="com.crm.qa.testcases.HomePageTest" name="verifycallTest" time="2.153"/>
  <testcase classname="com.crm.qa.testcases.HomePageTest" name="clickOnContact" time="2.181"/>
  <testcase classname="com.crm.qa.testcases.LoginPageTest" name="loginPageTitleTest" time="0.011"/>
  <testcase classname="com.crm.qa.testcases.LoginPageTest" name="loginTest" time="0.281"/>
</testsuite> <!-- Surefire test -->
