<?xml version="1.0" encoding="UTF-8"?>
<testng-results ignored="0" total="10" passed="10" failed="0" skipped="0">
  <reporter-output>
  </reporter-output>
  <suite started-at="2024-11-19T10:56:40 IST" name="Surefire suite" finished-at="2024-11-19T10:58:03 IST" duration-ms="82250">
    <groups>
    </groups>
    <test started-at="2024-11-19T10:56:40 IST" name="Surefire test" finished-at="2024-11-19T10:58:03 IST" duration-ms="82250">
      <class name="com.crm.qa.testcases.HomePageTest">
        <test-method is-config="true" signature="setup()[pri:0, instance:com.crm.qa.testcases.HomePageTest@65b104b9]" started-at="2024-11-19T10:57:29 IST" name="setup" finished-at="2024-11-19T10:57:35 IST" duration-ms="5899" status="PASS">
          <reporter-output>
          </reporter-output>
        </test-method> <!-- setup -->
        <test-method signature="verifyLogUserTest()[pri:1, instance:com.crm.qa.testcases.HomePageTest@65b104b9]" started-at="2024-11-19T10:57:35 IST" name="verifyLogUserTest" finished-at="2024-11-19T10:57:37 IST" duration-ms="2138" status="PASS">
          <reporter-output>
          </reporter-output>
        </test-method> <!-- verifyLogUserTest -->
        <test-method is-config="true" signature="tearDown()[pri:0, instance:com.crm.qa.testcases.HomePageTest@65b104b9]" started-at="2024-11-19T10:57:37 IST" name="tearDown" finished-at="2024-11-19T10:57:37 IST" duration-ms="169" status="PASS">
          <reporter-output>
          </reporter-output>
        </test-method> <!-- tearDown -->
        <test-method is-config="true" signature="setup()[pri:0, instance:com.crm.qa.testcases.HomePageTest@65b104b9]" started-at="2024-11-19T10:57:37 IST" name="setup" finished-at="2024-11-19T10:57:43 IST" duration-ms="5951" status="PASS">
          <reporter-output>
          </reporter-output>
        </test-method> <!-- setup -->
        <test-method signature="verifycallTest()[pri:2, instance:com.crm.qa.testcases.HomePageTest@65b104b9]" started-at="2024-11-19T10:57:43 IST" name="verifycallTest" finished-at="2024-11-19T10:57:45 IST" duration-ms="2153" status="PASS">
          <reporter-output>
          </reporter-output>
        </test-method> <!-- verifycallTest -->
        <test-method is-config="true" signature="tearDown()[pri:0, instance:com.crm.qa.testcases.HomePageTest@65b104b9]" started-at="2024-11-19T10:57:45 IST" name="tearDown" finished-at="2024-11-19T10:57:45 IST" duration-ms="181" status="PASS">
          <reporter-output>
          </reporter-output>
        </test-method> <!-- tearDown -->
        <test-method is-config="true" signature="setup()[pri:0, instance:com.crm.qa.testcases.HomePageTest@65b104b9]" started-at="2024-11-19T10:57:45 IST" name="setup" finished-at="2024-11-19T10:57:50 IST" duration-ms="5120" status="PASS">
          <reporter-output>
          </reporter-output>
        </test-method> <!-- setup -->
        <test-method signature="clickOnContact()[pri:3, instance:com.crm.qa.testcases.HomePageTest@65b104b9]" started-at="2024-11-19T10:57:50 IST" name="clickOnContact" finished-at="2024-11-19T10:57:53 IST" duration-ms="2181" status="PASS">
          <reporter-output>
          </reporter-output>
        </test-method> <!-- clickOnContact -->
        <test-method is-config="true" signature="tearDown()[pri:0, instance:com.crm.qa.testcases.HomePageTest@65b104b9]" started-at="2024-11-19T10:57:53 IST" name="tearDown" finished-at="2024-11-19T10:57:53 IST" duration-ms="176" status="PASS">
          <reporter-output>
          </reporter-output>
        </test-method> <!-- tearDown -->
      </class> <!-- com.crm.qa.testcases.HomePageTest -->
      <class name="com.crm.qa.testcases.ContactsPageTest">
        <test-method is-config="true" signature="setup()[pri:0, instance:com.crm.qa.testcases.ContactsPageTest@4b213651]" started-at="2024-11-19T10:56:41 IST" name="setup" finished-at="2024-11-19T10:56:50 IST" duration-ms="9291" status="PASS">
          <reporter-output>
          </reporter-output>
        </test-method> <!-- setup -->
        <test-method signature="clickOnContact()[pri:1, instance:com.crm.qa.testcases.ContactsPageTest@4b213651]" started-at="2024-11-19T10:56:50 IST" name="clickOnContact" finished-at="2024-11-19T10:56:50 IST" duration-ms="43" status="PASS">
          <reporter-output>
          </reporter-output>
        </test-method> <!-- clickOnContact -->
        <test-method is-config="true" signature="tearDown()[pri:0, instance:com.crm.qa.testcases.ContactsPageTest@4b213651]" started-at="2024-11-19T10:56:50 IST" name="tearDown" finished-at="2024-11-19T10:56:50 IST" duration-ms="249" status="PASS">
          <reporter-output>
          </reporter-output>
        </test-method> <!-- tearDown -->
        <test-method is-config="true" signature="setup()[pri:0, instance:com.crm.qa.testcases.ContactsPageTest@4b213651]" started-at="2024-11-19T10:56:50 IST" name="setup" finished-at="2024-11-19T10:56:57 IST" duration-ms="7343" status="PASS">
          <reporter-output>
          </reporter-output>
        </test-method> <!-- setup -->
        <test-method signature="verifycheckBoxIsSelectedOrNot()[pri:2, instance:com.crm.qa.testcases.ContactsPageTest@4b213651]" started-at="2024-11-19T10:56:57 IST" name="verifycheckBoxIsSelectedOrNot" finished-at="2024-11-19T10:56:58 IST" duration-ms="276" status="PASS">
          <reporter-output>
          </reporter-output>
        </test-method> <!-- verifycheckBoxIsSelectedOrNot -->
        <test-method is-config="true" signature="tearDown()[pri:0, instance:com.crm.qa.testcases.ContactsPageTest@4b213651]" started-at="2024-11-19T10:56:58 IST" name="tearDown" finished-at="2024-11-19T10:56:58 IST" duration-ms="199" status="PASS">
          <reporter-output>
          </reporter-output>
        </test-method> <!-- tearDown -->
        <test-method is-config="true" signature="setup()[pri:0, instance:com.crm.qa.testcases.ContactsPageTest@4b213651]" started-at="2024-11-19T10:56:59 IST" name="setup" finished-at="2024-11-19T10:57:06 IST" duration-ms="7750" status="PASS">
          <reporter-output>
          </reporter-output>
        </test-method> <!-- setup -->
        <test-method signature="clickOnCreates(java.lang.String,java.lang.String,java.lang.String)[pri:3, instance:com.crm.qa.testcases.ContactsPageTest@4b213651]" started-at="2024-11-19T10:57:06 IST" name="clickOnCreates" data-provider="getCRMTestData" finished-at="2024-11-19T10:57:08 IST" duration-ms="1439" status="PASS">
          <params>
            <param index="0">
              <value>
                <![CDATA[Gopal]]>
              </value>
            </param>
            <param index="1">
              <value>
                <![CDATA[Ade]]>
              </value>
            </param>
            <param index="2">
              <value>
                <![CDATA[Amazon]]>
              </value>
            </param>
          </params>
          <reporter-output>
          </reporter-output>
        </test-method> <!-- clickOnCreates -->
        <test-method is-config="true" signature="tearDown()[pri:0, instance:com.crm.qa.testcases.ContactsPageTest@4b213651]" started-at="2024-11-19T10:57:08 IST" name="tearDown" finished-at="2024-11-19T10:57:08 IST" duration-ms="209" status="PASS">
          <reporter-output>
          </reporter-output>
        </test-method> <!-- tearDown -->
        <test-method is-config="true" signature="setup()[pri:0, instance:com.crm.qa.testcases.ContactsPageTest@4b213651]" started-at="2024-11-19T10:57:08 IST" name="setup" finished-at="2024-11-19T10:57:18 IST" duration-ms="9989" status="PASS">
          <reporter-output>
          </reporter-output>
        </test-method> <!-- setup -->
        <test-method signature="clickOnCreates(java.lang.String,java.lang.String,java.lang.String)[pri:3, instance:com.crm.qa.testcases.ContactsPageTest@4b213651]" started-at="2024-11-19T10:57:18 IST" name="clickOnCreates" data-provider="getCRMTestData" finished-at="2024-11-19T10:57:19 IST" duration-ms="1401" status="PASS">
          <params>
            <param index="0">
              <value>
                <![CDATA[Rahul]]>
              </value>
            </param>
            <param index="1">
              <value>
                <![CDATA[Chavhan]]>
              </value>
            </param>
            <param index="2">
              <value>
                <![CDATA[Google]]>
              </value>
            </param>
          </params>
          <reporter-output>
          </reporter-output>
        </test-method> <!-- clickOnCreates -->
        <test-method is-config="true" signature="tearDown()[pri:0, instance:com.crm.qa.testcases.ContactsPageTest@4b213651]" started-at="2024-11-19T10:57:19 IST" name="tearDown" finished-at="2024-11-19T10:57:20 IST" duration-ms="204" status="PASS">
          <reporter-output>
          </reporter-output>
        </test-method> <!-- tearDown -->
        <test-method is-config="true" signature="setup()[pri:0, instance:com.crm.qa.testcases.ContactsPageTest@4b213651]" started-at="2024-11-19T10:57:20 IST" name="setup" finished-at="2024-11-19T10:57:27 IST" duration-ms="7570" status="PASS">
          <reporter-output>
          </reporter-output>
        </test-method> <!-- setup -->
        <test-method signature="clickOnCreates(java.lang.String,java.lang.String,java.lang.String)[pri:3, instance:com.crm.qa.testcases.ContactsPageTest@4b213651]" started-at="2024-11-19T10:57:27 IST" name="clickOnCreates" data-provider="getCRMTestData" finished-at="2024-11-19T10:57:29 IST" duration-ms="1385" status="PASS">
          <params>
            <param index="0">
              <value>
                <![CDATA[Akash]]>
              </value>
            </param>
            <param index="1">
              <value>
                <![CDATA[Rathod]]>
              </value>
            </param>
            <param index="2">
              <value>
                <![CDATA[Facebook]]>
              </value>
            </param>
          </params>
          <reporter-output>
          </reporter-output>
        </test-method> <!-- clickOnCreates -->
        <test-method is-config="true" signature="tearDown()[pri:0, instance:com.crm.qa.testcases.ContactsPageTest@4b213651]" started-at="2024-11-19T10:57:29 IST" name="tearDown" finished-at="2024-11-19T10:57:29 IST" duration-ms="181" status="PASS">
          <reporter-output>
          </reporter-output>
        </test-method> <!-- tearDown -->
      </class> <!-- com.crm.qa.testcases.ContactsPageTest -->
      <class name="com.crm.qa.testcases.LoginPageTest">
        <test-method is-config="true" signature="setup()[pri:0, instance:com.crm.qa.testcases.LoginPageTest@6c4980d3]" started-at="2024-11-19T10:57:53 IST" name="setup" finished-at="2024-11-19T10:57:58 IST" duration-ms="4833" status="PASS">
          <reporter-output>
          </reporter-output>
        </test-method> <!-- setup -->
        <test-method signature="loginPageTitleTest()[pri:1, instance:com.crm.qa.testcases.LoginPageTest@6c4980d3]" started-at="2024-11-19T10:57:58 IST" name="loginPageTitleTest" finished-at="2024-11-19T10:57:58 IST" duration-ms="11" status="PASS">
          <reporter-output>
          </reporter-output>
        </test-method> <!-- loginPageTitleTest -->
        <test-method is-config="true" signature="tearDown()[pri:0, instance:com.crm.qa.testcases.LoginPageTest@6c4980d3]" started-at="2024-11-19T10:57:58 IST" name="tearDown" finished-at="2024-11-19T10:57:58 IST" duration-ms="157" status="PASS">
          <reporter-output>
          </reporter-output>
        </test-method> <!-- tearDown -->
        <test-method is-config="true" signature="setup()[pri:0, instance:com.crm.qa.testcases.LoginPageTest@6c4980d3]" started-at="2024-11-19T10:57:58 IST" name="setup" finished-at="2024-11-19T10:58:02 IST" duration-ms="4535" status="PASS">
          <reporter-output>
          </reporter-output>
        </test-method> <!-- setup -->
        <test-method signature="loginTest()[pri:2, instance:com.crm.qa.testcases.LoginPageTest@6c4980d3]" started-at="2024-11-19T10:58:02 IST" name="loginTest" finished-at="2024-11-19T10:58:03 IST" duration-ms="281" status="PASS">
          <reporter-output>
          </reporter-output>
        </test-method> <!-- loginTest -->
        <test-method is-config="true" signature="tearDown()[pri:0, instance:com.crm.qa.testcases.LoginPageTest@6c4980d3]" started-at="2024-11-19T10:58:03 IST" name="tearDown" finished-at="2024-11-19T10:58:03 IST" duration-ms="152" status="PASS">
          <reporter-output>
          </reporter-output>
        </test-method> <!-- tearDown -->
      </class> <!-- com.crm.qa.testcases.LoginPageTest -->
    </test> <!-- Surefire test -->
  </suite> <!-- Surefire suite -->
</testng-results>
