<?xml version="1.0" encoding="UTF-8"?>
<testsuite xmlns:xsi="http://www.w3.org/2001/XMLSchema-instance" xsi:noNamespaceSchemaLocation="https://maven.apache.org/surefire/maven-surefire-plugin/xsd/surefire-test-report-3.0.xsd" version="3.0" name="TestSuite" time="83.131" tests="10" errors="0" skipped="0" failures="0">
  <properties>
[...]
</properties>
  <testcase name="clickOnContact" classname="com.crm.qa.testcases.ContactsPageTest" time="0.044">
    <system-out><![CDATA[maximise window :org.openqa.selenium.remote.RemoteWebDriver$RemoteWebDriverOptions$RemoteWindow@45bb2aa1
before opening browser https://ui.cogmento.com
getting url https://ui.cogmento.com
]]></system-out>
    <system-err><![CDATA[Nov 19, 2024 10:56:43 AM org.openqa.selenium.devtools.CdpVersionFinder findNearestMatch
WARNING: Unable to find an exact match for CDP version 130, returning the closest version; found: 128; Please update to a Selenium version that supports CDP version 130
]]></system-err>
  </testcase>
  <testcase name="verifycheckBoxIsSelectedOrNot" classname="com.crm.qa.testcases.ContactsPageTest" time="0.275">
    <system-out><![CDATA[maximise window :org.openqa.selenium.remote.RemoteWebDriver$RemoteWebDriverOptions$RemoteWindow@7c8d5312
before opening browser https://ui.cogmento.com
getting url https://ui.cogmento.com
]]></system-out>
    <system-err><![CDATA[Nov 19, 2024 10:56:51 AM org.openqa.selenium.devtools.CdpVersionFinder findNearestMatch
WARNING: Unable to find an exact match for CDP version 130, returning the closest version; found: 128; Please update to a Selenium version that supports CDP version 130
]]></system-err>
  </testcase>
  <testcase name="clickOnCreates[Gopal, Ade, Amazon](1)" classname="com.crm.qa.testcases.ContactsPageTest" time="1.438">
    <system-out><![CDATA[maximise window :org.openqa.selenium.remote.RemoteWebDriver$RemoteWebDriverOptions$RemoteWindow@6bbab114
before opening browser https://ui.cogmento.com
getting url https://ui.cogmento.com
]]></system-out>
    <system-err><![CDATA[Nov 19, 2024 10:57:00 AM org.openqa.selenium.devtools.CdpVersionFinder findNearestMatch
WARNING: Unable to find an exact match for CDP version 130, returning the closest version; found: 128; Please update to a Selenium version that supports CDP version 130
]]></system-err>
  </testcase>
  <testcase name="clickOnCreates[Rahul, Chavhan, Google](2)" classname="com.crm.qa.testcases.ContactsPageTest" time="1.4">
    <system-out><![CDATA[maximise window :org.openqa.selenium.remote.RemoteWebDriver$RemoteWebDriverOptions$RemoteWindow@2519026b
before opening browser https://ui.cogmento.com
getting url https://ui.cogmento.com
]]></system-out>
    <system-err><![CDATA[Nov 19, 2024 10:57:09 AM org.openqa.selenium.devtools.CdpVersionFinder findNearestMatch
WARNING: Unable to find an exact match for CDP version 130, returning the closest version; found: 128; Please update to a Selenium version that supports CDP version 130
]]></system-err>
  </testcase>
  <testcase name="clickOnCreates[Akash, Rathod, Facebook](3)" classname="com.crm.qa.testcases.ContactsPageTest" time="1.385">
    <system-out><![CDATA[maximise window :org.openqa.selenium.remote.RemoteWebDriver$RemoteWebDriverOptions$RemoteWindow@3c88191b
before opening browser https://ui.cogmento.com
getting url https://ui.cogmento.com
]]></system-out>
    <system-err><![CDATA[Nov 19, 2024 10:57:21 AM org.openqa.selenium.devtools.CdpVersionFinder findNearestMatch
WARNING: Unable to find an exact match for CDP version 130, returning the closest version; found: 128; Please update to a Selenium version that supports CDP version 130
]]></system-err>
  </testcase>
  <testcase name="verifyLogUserTest" classname="com.crm.qa.testcases.HomePageTest" time="2.138">
    <system-out><![CDATA[maximise window :org.openqa.selenium.remote.RemoteWebDriver$RemoteWebDriverOptions$RemoteWindow@b022551
before opening browser https://ui.cogmento.com
getting url https://ui.cogmento.com
]]></system-out>
    <system-err><![CDATA[Nov 19, 2024 10:57:30 AM org.openqa.selenium.devtools.CdpVersionFinder findNearestMatch
WARNING: Unable to find an exact match for CDP version 130, returning the closest version; found: 128; Please update to a Selenium version that supports CDP version 130
]]></system-err>
  </testcase>
  <testcase name="verifycallTest" classname="com.crm.qa.testcases.HomePageTest" time="2.152">
    <system-out><![CDATA[maximise window :org.openqa.selenium.remote.RemoteWebDriver$RemoteWebDriverOptions$RemoteWindow@4e958f08
before opening browser https://ui.cogmento.com
getting url https://ui.cogmento.com
]]></system-out>
    <system-err><![CDATA[Nov 19, 2024 10:57:38 AM org.openqa.selenium.devtools.CdpVersionFinder findNearestMatch
WARNING: Unable to find an exact match for CDP version 130, returning the closest version; found: 128; Please update to a Selenium version that supports CDP version 130
]]></system-err>
  </testcase>
  <testcase name="clickOnContact" classname="com.crm.qa.testcases.HomePageTest" time="2.181">
    <system-out><![CDATA[maximise window :org.openqa.selenium.remote.RemoteWebDriver$RemoteWebDriverOptions$RemoteWindow@e26a3df
before opening browser https://ui.cogmento.com
getting url https://ui.cogmento.com
]]></system-out>
    <system-err><![CDATA[Nov 19, 2024 10:57:46 AM org.openqa.selenium.devtools.CdpVersionFinder findNearestMatch
WARNING: Unable to find an exact match for CDP version 130, returning the closest version; found: 128; Please update to a Selenium version that supports CDP version 130
]]></system-err>
  </testcase>
  <testcase name="loginPageTitleTest" classname="com.crm.qa.testcases.LoginPageTest" time="0.011">
    <system-out><![CDATA[maximise window :org.openqa.selenium.remote.RemoteWebDriver$RemoteWebDriverOptions$RemoteWindow@1753475d
before opening browser https://ui.cogmento.com
getting url https://ui.cogmento.com
]]></system-out>
    <system-err><![CDATA[Nov 19, 2024 10:57:54 AM org.openqa.selenium.devtools.CdpVersionFinder findNearestMatch
WARNING: Unable to find an exact match for CDP version 130, returning the closest version; found: 128; Please update to a Selenium version that supports CDP version 130
]]></system-err>
  </testcase>
  <testcase name="loginTest" classname="com.crm.qa.testcases.LoginPageTest" time="0.281">
    <system-out><![CDATA[maximise window :org.openqa.selenium.remote.RemoteWebDriver$RemoteWebDriverOptions$RemoteWindow@577bfadb
before opening browser https://ui.cogmento.com
getting url https://ui.cogmento.com
]]></system-out>
    <system-err><![CDATA[Nov 19, 2024 10:57:59 AM org.openqa.selenium.devtools.CdpVersionFinder findNearestMatch
WARNING: Unable to find an exact match for CDP version 130, returning the closest version; found: 128; Please update to a Selenium version that supports CDP version 130
]]></system-err>
  </testcase>
</testsuite>