<?xml version="1.0" encoding="UTF-8"?>
<testng-results ignored="0" total="10" passed="10" failed="0" skipped="0">
  <reporter-output>
  </reporter-output>
  <suite started-at="2024-11-19T00:03:00 IST" name="UI Cogmento.Com " finished-at="2024-11-19T00:04:48 IST" duration-ms="108555">
    <groups>
    </groups>
    <test started-at="2024-11-19T00:03:00 IST" name="Cogment Test Automation Framework" finished-at="2024-11-19T00:04:48 IST" duration-ms="108555">
      <class name="com.crm.qa.testcases.HomePageTest">
        <test-method is-config="true" signature="setup()[pri:0, instance:com.crm.qa.testcases.HomePageTest@2f40e5db]" started-at="2024-11-19T00:04:17 IST" name="setup" finished-at="2024-11-19T00:04:24 IST" duration-ms="6984" status="PASS">
          <reporter-output>
          </reporter-output>
        </test-method> <!-- setup -->
        <test-method signature="verifyLogUserTest()[pri:1, instance:com.crm.qa.testcases.HomePageTest@2f40e5db]" started-at="2024-11-19T00:04:24 IST" name="verifyLogUserTest" finished-at="2024-11-19T00:04:27 IST" duration-ms="2669" status="PASS">
          <reporter-output>
          </reporter-output>
        </test-method> <!-- verifyLogUserTest -->
        <test-method is-config="true" signature="tearDown()[pri:0, instance:com.crm.qa.testcases.HomePageTest@2f40e5db]" started-at="2024-11-19T00:04:27 IST" name="tearDown" finished-at="2024-11-19T00:04:27 IST" duration-ms="172" status="PASS">
          <reporter-output>
          </reporter-output>
        </test-method> <!-- tearDown -->
        <test-method is-config="true" signature="setup()[pri:0, instance:com.crm.qa.testcases.HomePageTest@2f40e5db]" started-at="2024-11-19T00:04:27 IST" name="setup" finished-at="2024-11-19T00:04:34 IST" duration-ms="6311" status="PASS">
          <reporter-output>
          </reporter-output>
        </test-method> <!-- setup -->
        <test-method signature="verifycallTest()[pri:2, instance:com.crm.qa.testcases.HomePageTest@2f40e5db]" started-at="2024-11-19T00:04:34 IST" name="verifycallTest" finished-at="2024-11-19T00:04:36 IST" duration-ms="2551" status="PASS">
          <reporter-output>
          </reporter-output>
        </test-method> <!-- verifycallTest -->
        <test-method is-config="true" signature="tearDown()[pri:0, instance:com.crm.qa.testcases.HomePageTest@2f40e5db]" started-at="2024-11-19T00:04:36 IST" name="tearDown" finished-at="2024-11-19T00:04:36 IST" duration-ms="197" status="PASS">
          <reporter-output>
          </reporter-output>
        </test-method> <!-- tearDown -->
        <test-method is-config="true" signature="setup()[pri:0, instance:com.crm.qa.testcases.HomePageTest@2f40e5db]" started-at="2024-11-19T00:04:36 IST" name="setup" finished-at="2024-11-19T00:04:43 IST" duration-ms="6770" status="PASS">
          <reporter-output>
          </reporter-output>
        </test-method> <!-- setup -->
        <test-method signature="clickOnContact()[pri:3, instance:com.crm.qa.testcases.HomePageTest@2f40e5db]" started-at="2024-11-19T00:04:43 IST" name="clickOnContact" finished-at="2024-11-19T00:04:48 IST" duration-ms="4873" status="PASS">
          <reporter-output>
          </reporter-output>
        </test-method> <!-- clickOnContact -->
        <test-method is-config="true" signature="tearDown()[pri:0, instance:com.crm.qa.testcases.HomePageTest@2f40e5db]" started-at="2024-11-19T00:04:48 IST" name="tearDown" finished-at="2024-11-19T00:04:48 IST" duration-ms="185" status="PASS">
          <reporter-output>
          </reporter-output>
        </test-method> <!-- tearDown -->
      </class> <!-- com.crm.qa.testcases.HomePageTest -->
      <class name="com.crm.qa.testcases.ContactsPageTest">
        <test-method is-config="true" signature="setup()[pri:0, instance:com.crm.qa.testcases.ContactsPageTest@2dc995f4]" started-at="2024-11-19T00:03:16 IST" name="setup" finished-at="2024-11-19T00:03:29 IST" duration-ms="12070" status="PASS">
          <reporter-output>
          </reporter-output>
        </test-method> <!-- setup -->
        <test-method signature="clickOnContact()[pri:1, instance:com.crm.qa.testcases.ContactsPageTest@2dc995f4]" started-at="2024-11-19T00:03:29 IST" name="clickOnContact" finished-at="2024-11-19T00:03:29 IST" duration-ms="36" status="PASS">
          <reporter-output>
          </reporter-output>
        </test-method> <!-- clickOnContact -->
        <test-method is-config="true" signature="tearDown()[pri:0, instance:com.crm.qa.testcases.ContactsPageTest@2dc995f4]" started-at="2024-11-19T00:03:29 IST" name="tearDown" finished-at="2024-11-19T00:03:29 IST" duration-ms="221" status="PASS">
          <reporter-output>
          </reporter-output>
        </test-method> <!-- tearDown -->
        <test-method is-config="true" signature="setup()[pri:0, instance:com.crm.qa.testcases.ContactsPageTest@2dc995f4]" started-at="2024-11-19T00:03:29 IST" name="setup" finished-at="2024-11-19T00:03:40 IST" duration-ms="10859" status="PASS">
          <reporter-output>
          </reporter-output>
        </test-method> <!-- setup -->
        <test-method signature="verifycheckBoxIsSelectedOrNot()[pri:2, instance:com.crm.qa.testcases.ContactsPageTest@2dc995f4]" started-at="2024-11-19T00:03:40 IST" name="verifycheckBoxIsSelectedOrNot" finished-at="2024-11-19T00:03:40 IST" duration-ms="285" status="PASS">
          <reporter-output>
          </reporter-output>
        </test-method> <!-- verifycheckBoxIsSelectedOrNot -->
        <test-method is-config="true" signature="tearDown()[pri:0, instance:com.crm.qa.testcases.ContactsPageTest@2dc995f4]" started-at="2024-11-19T00:03:40 IST" name="tearDown" finished-at="2024-11-19T00:03:40 IST" duration-ms="207" status="PASS">
          <reporter-output>
          </reporter-output>
        </test-method> <!-- tearDown -->
        <test-method is-config="true" signature="setup()[pri:0, instance:com.crm.qa.testcases.ContactsPageTest@2dc995f4]" started-at="2024-11-19T00:03:41 IST" name="setup" finished-at="2024-11-19T00:03:51 IST" duration-ms="10030" status="PASS">
          <reporter-output>
          </reporter-output>
        </test-method> <!-- setup -->
        <test-method signature="clickOnCreates(java.lang.String,java.lang.String,java.lang.String)[pri:3, instance:com.crm.qa.testcases.ContactsPageTest@2dc995f4]" started-at="2024-11-19T00:03:51 IST" name="clickOnCreates" data-provider="getCRMTestData" finished-at="2024-11-19T00:03:52 IST" duration-ms="1344" status="PASS">
          <params>
            <param index="0">
              <value>
                <![CDATA[Gopal]]>
              </value>
            </param>
            <param index="1">
              <value>
                <![CDATA[Ade]]>
              </value>
            </param>
            <param index="2">
              <value>
                <![CDATA[Amazon]]>
              </value>
            </param>
          </params>
          <reporter-output>
          </reporter-output>
        </test-method> <!-- clickOnCreates -->
        <test-method is-config="true" signature="tearDown()[pri:0, instance:com.crm.qa.testcases.ContactsPageTest@2dc995f4]" started-at="2024-11-19T00:03:52 IST" name="tearDown" finished-at="2024-11-19T00:03:53 IST" duration-ms="404" status="PASS">
          <reporter-output>
          </reporter-output>
        </test-method> <!-- tearDown -->
        <test-method is-config="true" signature="setup()[pri:0, instance:com.crm.qa.testcases.ContactsPageTest@2dc995f4]" started-at="2024-11-19T00:03:53 IST" name="setup" finished-at="2024-11-19T00:04:04 IST" duration-ms="11102" status="PASS">
          <reporter-output>
          </reporter-output>
        </test-method> <!-- setup -->
        <test-method signature="clickOnCreates(java.lang.String,java.lang.String,java.lang.String)[pri:3, instance:com.crm.qa.testcases.ContactsPageTest@2dc995f4]" started-at="2024-11-19T00:04:04 IST" name="clickOnCreates" data-provider="getCRMTestData" finished-at="2024-11-19T00:04:05 IST" duration-ms="1545" status="PASS">
          <params>
            <param index="0">
              <value>
                <![CDATA[Rahul]]>
              </value>
            </param>
            <param index="1">
              <value>
                <![CDATA[Chavhan]]>
              </value>
            </param>
            <param index="2">
              <value>
                <![CDATA[Google]]>
              </value>
            </param>
          </params>
          <reporter-output>
          </reporter-output>
        </test-method> <!-- clickOnCreates -->
        <test-method is-config="true" signature="tearDown()[pri:0, instance:com.crm.qa.testcases.ContactsPageTest@2dc995f4]" started-at="2024-11-19T00:04:05 IST" name="tearDown" finished-at="2024-11-19T00:04:05 IST" duration-ms="249" status="PASS">
          <reporter-output>
          </reporter-output>
        </test-method> <!-- tearDown -->
        <test-method is-config="true" signature="setup()[pri:0, instance:com.crm.qa.testcases.ContactsPageTest@2dc995f4]" started-at="2024-11-19T00:04:05 IST" name="setup" finished-at="2024-11-19T00:04:16 IST" duration-ms="10311" status="PASS">
          <reporter-output>
          </reporter-output>
        </test-method> <!-- setup -->
        <test-method signature="clickOnCreates(java.lang.String,java.lang.String,java.lang.String)[pri:3, instance:com.crm.qa.testcases.ContactsPageTest@2dc995f4]" started-at="2024-11-19T00:04:16 IST" name="clickOnCreates" data-provider="getCRMTestData" finished-at="2024-11-19T00:04:17 IST" duration-ms="1430" status="PASS">
          <params>
            <param index="0">
              <value>
                <![CDATA[Akash]]>
              </value>
            </param>
            <param index="1">
              <value>
                <![CDATA[Rathod]]>
              </value>
            </param>
            <param index="2">
              <value>
                <![CDATA[Facebook]]>
              </value>
            </param>
          </params>
          <reporter-output>
          </reporter-output>
        </test-method> <!-- clickOnCreates -->
        <test-method is-config="true" signature="tearDown()[pri:0, instance:com.crm.qa.testcases.ContactsPageTest@2dc995f4]" started-at="2024-11-19T00:04:17 IST" name="tearDown" finished-at="2024-11-19T00:04:17 IST" duration-ms="203" status="PASS">
          <reporter-output>
          </reporter-output>
        </test-method> <!-- tearDown -->
      </class> <!-- com.crm.qa.testcases.ContactsPageTest -->
      <class name="com.crm.qa.testcases.LoginPageTest">
        <test-method is-config="true" signature="setup()[pri:0, instance:com.crm.qa.testcases.LoginPageTest@517d4a0d]" started-at="2024-11-19T00:03:00 IST" name="setup" finished-at="2024-11-19T00:03:09 IST" duration-ms="9894" status="PASS">
          <reporter-output>
          </reporter-output>
        </test-method> <!-- setup -->
        <test-method signature="loginPageTitleTest()[pri:1, instance:com.crm.qa.testcases.LoginPageTest@517d4a0d]" started-at="2024-11-19T00:03:09 IST" name="loginPageTitleTest" finished-at="2024-11-19T00:03:09 IST" duration-ms="20" status="PASS">
          <reporter-output>
          </reporter-output>
        </test-method> <!-- loginPageTitleTest -->
        <test-method is-config="true" signature="tearDown()[pri:0, instance:com.crm.qa.testcases.LoginPageTest@517d4a0d]" started-at="2024-11-19T00:03:09 IST" name="tearDown" finished-at="2024-11-19T00:03:10 IST" duration-ms="177" status="PASS">
          <reporter-output>
          </reporter-output>
        </test-method> <!-- tearDown -->
        <test-method is-config="true" signature="setup()[pri:0, instance:com.crm.qa.testcases.LoginPageTest@517d4a0d]" started-at="2024-11-19T00:03:10 IST" name="setup" finished-at="2024-11-19T00:03:16 IST" duration-ms="6327" status="PASS">
          <reporter-output>
          </reporter-output>
        </test-method> <!-- setup -->
        <test-method signature="loginTest()[pri:2, instance:com.crm.qa.testcases.LoginPageTest@517d4a0d]" started-at="2024-11-19T00:03:16 IST" name="loginTest" finished-at="2024-11-19T00:03:16 IST" duration-ms="278" status="PASS">
          <reporter-output>
          </reporter-output>
        </test-method> <!-- loginTest -->
        <test-method is-config="true" signature="tearDown()[pri:0, instance:com.crm.qa.testcases.LoginPageTest@517d4a0d]" started-at="2024-11-19T00:03:16 IST" name="tearDown" finished-at="2024-11-19T00:03:16 IST" duration-ms="160" status="PASS">
          <reporter-output>
          </reporter-output>
        </test-method> <!-- tearDown -->
      </class> <!-- com.crm.qa.testcases.LoginPageTest -->
    </test> <!-- Cogment Test Automation Framework -->
  </suite> <!-- UI Cogmento.Com  -->
</testng-results>
